<?xml version="1.0" encoding="UTF-8"?>
<!-- Generated by org.testng.reporters.JUnitReportReporter -->
<testsuite hostname="LP-PF2WM1GZ" name="demo.Testcases" tests="2" failures="0" timestamp="25 Aug 2021 11:14:20 GMT" time="0.016" errors="0">
  <testcase name="testtofail" time="0.014" classname="demo.Testcases"/>
  <testcase name="testtopass" time="0.002" classname="demo.Testcases"/>
</testsuite> <!-- demo.Testcases -->
