<?xml version="1.0" encoding="UTF-8"?>
<!-- Generated by org.testng.reporters.JUnitReportReporter -->
<testsuite hostname="LP-PF2WM1GZ" name="Assignment.Assignment.Doubleclick" tests="1" failures="0" timestamp="26 Aug 2021 15:51:24 GMT" time="11.607" errors="0">
  <testcase name="f" time="11.607" classname="Assignment.Assignment.Doubleclick"/>
</testsuite> <!-- Assignment.Assignment.Doubleclick -->
