<?xml version="1.0" encoding="UTF-8"?>
<!-- Generated by org.testng.reporters.JUnitReportReporter -->
<testsuite hostname="LP-PF2WM1GZ" name="Assignment.Assignment.Download" tests="1" failures="0" timestamp="26 Aug 2021 15:20:36 GMT" time="10.930" errors="0">
  <testcase name="test" time="10.930" classname="Assignment.Assignment.Download"/>
</testsuite> <!-- Assignment.Assignment.Download -->
