<?xml version="1.0" encoding="UTF-8"?>
<!-- Generated by org.testng.reporters.JUnitReportReporter -->
<testsuite hostname="LP-PF2WM1GZ" name="Assignment.Assignment.Cookie" tests="1" failures="0" timestamp="27 Aug 2021 06:24:27 GMT" time="20.373" errors="0">
  <testcase name="test" time="20.373" classname="Assignment.Assignment.Cookie"/>
</testsuite> <!-- Assignment.Assignment.Cookie -->
