<?xml version="1.0" encoding="UTF-8"?>
<!-- Generated by org.testng.reporters.JUnitReportReporter -->
<testsuite hostname="LP-PF2WM1GZ" name="Assignment.Assignment.Krstc" tests="1" failures="0" timestamp="26 Aug 2021 15:07:41 GMT" time="48.331" errors="0">
  <testcase name="registration" time="48.331" classname="Assignment.Assignment.Krstc"/>
</testsuite> <!-- Assignment.Assignment.Krstc -->
